<?xml version="1.0" encoding="UTF-8"?>
<testng-results ignored="0" total="4" passed="3" failed="1" skipped="0">
  <reporter-output>
  </reporter-output>
  <suite started-at="2024-10-05T16:21:49 IST" name="Ecom Suite" finished-at="2024-10-05T16:22:35 IST" duration-ms="46082">
    <groups>
    </groups>
    <test started-at="2024-10-05T16:21:49 IST" name="ValidationsTests" finished-at="2024-10-05T16:21:57 IST" duration-ms="7824">
      <class name="vedant.test.Validations">
        <test-method is-config="true" signature="launchApplication()[pri:0, instance:vedant.test.Validations@16c63f5]" started-at="2024-10-05T16:21:49 IST" name="launchApplication" finished-at="2024-10-05T16:21:55 IST" duration-ms="5854" status="PASS">
          <reporter-output>
          </reporter-output>
        </test-method> <!-- launchApplication -->
        <test-method signature="errorValidation()[pri:0, instance:vedant.test.Validations@16c63f5]" started-at="2024-10-05T16:21:55 IST" name="errorValidation" finished-at="2024-10-05T16:21:56 IST" duration-ms="964" status="FAIL">
          <exception class="java.lang.AssertionError">
            <message>
              <![CDATA[expected [Incorrect email or password] but found [Incorrect email or password.]]]>
            </message>
            <full-stacktrace>
              <![CDATA[java.lang.AssertionError: expected [Incorrect email or password] but found [Incorrect email or password.]
at org.testng.Assert.fail(Assert.java:111)
at org.testng.Assert.failNotEquals(Assert.java:1578)
at org.testng.Assert.assertEqualsImpl(Assert.java:150)
at org.testng.Assert.assertEquals(Assert.java:132)
at org.testng.Assert.assertEquals(Assert.java:656)
at org.testng.Assert.assertEquals(Assert.java:666)
at vedant.test.Validations.errorValidation(Validations.java:17)
at java.base/jdk.internal.reflect.NativeMethodAccessorImpl.invoke0(Native Method)
at java.base/jdk.internal.reflect.NativeMethodAccessorImpl.invoke(NativeMethodAccessorImpl.java:77)
at java.base/jdk.internal.reflect.DelegatingMethodAccessorImpl.invoke(DelegatingMethodAccessorImpl.java:43)
at java.base/java.lang.reflect.Method.invoke(Method.java:568)
at org.testng.internal.invokers.MethodInvocationHelper.invokeMethod(MethodInvocationHelper.java:139)
at org.testng.internal.invokers.TestInvoker.invokeMethod(TestInvoker.java:664)
at org.testng.internal.invokers.TestInvoker.invokeTestMethod(TestInvoker.java:227)
at org.testng.internal.invokers.MethodRunner.runInSequence(MethodRunner.java:50)
at org.testng.internal.invokers.TestInvoker$MethodInvocationAgent.invoke(TestInvoker.java:957)
at org.testng.internal.invokers.TestInvoker.invokeTestMethods(TestInvoker.java:200)
at org.testng.internal.invokers.TestMethodWorker.invokeTestMethods(TestMethodWorker.java:148)
at org.testng.internal.invokers.TestMethodWorker.run(TestMethodWorker.java:128)
at java.base/java.util.ArrayList.forEach(ArrayList.java:1511)
at org.testng.TestRunner.privateRun(TestRunner.java:848)
at org.testng.TestRunner.run(TestRunner.java:621)
at org.testng.SuiteRunner.runTest(SuiteRunner.java:443)
at org.testng.SuiteRunner$SuiteWorker.run(SuiteRunner.java:481)
at org.testng.internal.thread.ThreadUtil.lambda$execute$0(ThreadUtil.java:58)
at java.base/java.util.concurrent.FutureTask.run(FutureTask.java:264)
at java.base/java.util.concurrent.ThreadPoolExecutor.runWorker(ThreadPoolExecutor.java:1136)
at java.base/java.util.concurrent.ThreadPoolExecutor$Worker.run(ThreadPoolExecutor.java:635)
at java.base/java.lang.Thread.run(Thread.java:833)
]]>
            </full-stacktrace>
          </exception> <!-- java.lang.AssertionError -->
          <reporter-output>
          </reporter-output>
        </test-method> <!-- errorValidation -->
        <test-method is-config="true" signature="tearDown()[pri:0, instance:vedant.test.Validations@16c63f5]" started-at="2024-10-05T16:21:57 IST" name="tearDown" finished-at="2024-10-05T16:21:57 IST" duration-ms="111" status="PASS">
          <reporter-output>
          </reporter-output>
        </test-method> <!-- tearDown -->
      </class> <!-- vedant.test.Validations -->
    </test> <!-- ValidationsTests -->
    <test started-at="2024-10-05T16:21:49 IST" name="StandAloneTests" finished-at="2024-10-05T16:22:35 IST" duration-ms="46082">
      <class name="vedant.test.Testing">
        <test-method is-config="true" signature="launchApplication()[pri:0, instance:vedant.test.Testing@3a5ecce3]" started-at="2024-10-05T16:21:50 IST" name="launchApplication" finished-at="2024-10-05T16:21:55 IST" duration-ms="5229" status="PASS">
          <reporter-output>
          </reporter-output>
        </test-method> <!-- launchApplication -->
        <test-method signature="standAloneTest(java.util.HashMap)[pri:0, instance:vedant.test.Testing@3a5ecce3]" started-at="2024-10-05T16:21:55 IST" name="standAloneTest" data-provider="getData" finished-at="2024-10-05T16:22:07 IST" duration-ms="11608" status="PASS">
          <params>
            <param index="0">
              <value>
                <![CDATA[{password=[Ljava.lang.String;@2aeb1d20, username=[Ljava.lang.String;@44326481, products=[Ljava.lang.String;@5f9e6a36}]]>
              </value>
            </param>
          </params>
          <reporter-output>
          </reporter-output>
        </test-method> <!-- standAloneTest -->
        <test-method is-config="true" signature="tearDown()[pri:0, instance:vedant.test.Testing@3a5ecce3]" started-at="2024-10-05T16:22:07 IST" name="tearDown" finished-at="2024-10-05T16:22:07 IST" duration-ms="123" status="PASS">
          <reporter-output>
          </reporter-output>
        </test-method> <!-- tearDown -->
        <test-method is-config="true" signature="launchApplication()[pri:0, instance:vedant.test.Testing@3a5ecce3]" started-at="2024-10-05T16:22:07 IST" name="launchApplication" finished-at="2024-10-05T16:22:12 IST" duration-ms="4886" status="PASS">
          <reporter-output>
          </reporter-output>
        </test-method> <!-- launchApplication -->
        <test-method signature="standAloneTest(java.util.HashMap)[pri:0, instance:vedant.test.Testing@3a5ecce3]" started-at="2024-10-05T16:22:12 IST" name="standAloneTest" data-provider="getData" finished-at="2024-10-05T16:22:26 IST" duration-ms="14164" status="PASS">
          <params>
            <param index="0">
              <value>
                <![CDATA[{password=[Ljava.lang.String;@41ee8d85, username=[Ljava.lang.String;@7bfb4e56, products=[Ljava.lang.String;@671b92ad}]]>
              </value>
            </param>
          </params>
          <reporter-output>
          </reporter-output>
        </test-method> <!-- standAloneTest -->
        <test-method is-config="true" signature="tearDown()[pri:0, instance:vedant.test.Testing@3a5ecce3]" started-at="2024-10-05T16:22:26 IST" name="tearDown" finished-at="2024-10-05T16:22:26 IST" duration-ms="72" status="PASS">
          <reporter-output>
          </reporter-output>
        </test-method> <!-- tearDown -->
        <test-method is-config="true" signature="launchApplication()[pri:0, instance:vedant.test.Testing@3a5ecce3]" started-at="2024-10-05T16:22:26 IST" name="launchApplication" finished-at="2024-10-05T16:22:29 IST" duration-ms="2897" status="PASS">
          <reporter-output>
          </reporter-output>
        </test-method> <!-- launchApplication -->
        <test-method signature="productsDeletion()[pri:0, instance:vedant.test.Testing@3a5ecce3]" started-at="2024-10-05T16:22:29 IST" name="productsDeletion" finished-at="2024-10-05T16:22:35 IST" depends-on-methods="vedant.test.Testing.standAloneTest" duration-ms="6396" status="PASS">
          <reporter-output>
          </reporter-output>
        </test-method> <!-- productsDeletion -->
        <test-method is-config="true" signature="tearDown()[pri:0, instance:vedant.test.Testing@3a5ecce3]" started-at="2024-10-05T16:22:35 IST" name="tearDown" finished-at="2024-10-05T16:22:35 IST" duration-ms="144" status="PASS">
          <reporter-output>
          </reporter-output>
        </test-method> <!-- tearDown -->
      </class> <!-- vedant.test.Testing -->
    </test> <!-- StandAloneTests -->
  </suite> <!-- Ecom Suite -->
</testng-results>
